[2024-09-10T16:52:29.893+0000] {manager.py:486} INFO - Processing files using up to 1 processes at a time 
[2024-09-10T16:52:29.894+0000] {manager.py:487} INFO - Process each file at most once every 30 seconds
[2024-09-10T16:52:29.895+0000] {manager.py:488} INFO - Checking for new files in /opt/airflow/dags every 300 seconds
[2024-09-10T16:52:29.895+0000] {manager.py:832} INFO - Searching for files in /opt/airflow/dags
[2024-09-10T16:52:29.897+0000] {manager.py:835} INFO - There are 0 files in /opt/airflow/dags
[2024-09-10T17:08:07.096+0000] {manager.py:486} INFO - Processing files using up to 1 processes at a time 
[2024-09-10T17:08:07.097+0000] {manager.py:487} INFO - Process each file at most once every 30 seconds
[2024-09-10T17:08:07.098+0000] {manager.py:488} INFO - Checking for new files in /opt/airflow/dags every 300 seconds
[2024-09-10T17:08:07.098+0000] {manager.py:832} INFO - Searching for files in /opt/airflow/dags
[2024-09-10T17:08:07.099+0000] {manager.py:835} INFO - There are 0 files in /opt/airflow/dags
[2024-09-10T17:08:26.698+0000] {manager.py:486} INFO - Processing files using up to 1 processes at a time 
[2024-09-10T17:08:26.699+0000] {manager.py:487} INFO - Process each file at most once every 30 seconds
[2024-09-10T17:08:26.700+0000] {manager.py:488} INFO - Checking for new files in /opt/airflow/dags every 300 seconds
[2024-09-10T17:08:26.701+0000] {manager.py:832} INFO - Searching for files in /opt/airflow/dags
[2024-09-10T17:08:26.703+0000] {manager.py:835} INFO - There are 0 files in /opt/airflow/dags
[2024-09-10T17:13:28.111+0000] {manager.py:832} INFO - Searching for files in /opt/airflow/dags
[2024-09-10T17:13:28.112+0000] {manager.py:835} INFO - There are 0 files in /opt/airflow/dags
[2024-09-10T17:18:29.156+0000] {manager.py:832} INFO - Searching for files in /opt/airflow/dags
[2024-09-10T17:18:29.175+0000] {manager.py:835} INFO - There are 0 files in /opt/airflow/dags
[2024-09-10T17:23:30.110+0000] {manager.py:832} INFO - Searching for files in /opt/airflow/dags
[2024-09-10T17:23:30.166+0000] {manager.py:835} INFO - There are 1 files in /opt/airflow/dags
[2024-09-10T17:23:42.169+0000] {manager.py:1008} INFO - 
================================================================================
DAG File Processing Stats

File Path                         PID    Runtime      # DAGs    # Errors  Last Runtime    Last Run               Last # of DB Queries
--------------------------------  -----  ---------  --------  ----------  --------------  -------------------  ----------------------
/opt/airflow/dags/welcome_dag.py                           1           0  1.31s           2024-09-10T17:23:31                      45
================================================================================
[2024-09-10T17:24:12.566+0000] {manager.py:1008} INFO - 
================================================================================
DAG File Processing Stats

File Path                         PID    Runtime      # DAGs    # Errors  Last Runtime    Last Run               Last # of DB Queries
--------------------------------  -----  ---------  --------  ----------  --------------  -------------------  ----------------------
/opt/airflow/dags/welcome_dag.py                           1           0  0.50s           2024-09-10T17:24:03                      12
================================================================================
[2024-09-10T17:24:43.349+0000] {manager.py:1008} INFO - 
================================================================================
DAG File Processing Stats

File Path                         PID    Runtime      # DAGs    # Errors  Last Runtime    Last Run               Last # of DB Queries
--------------------------------  -----  ---------  --------  ----------  --------------  -------------------  ----------------------
/opt/airflow/dags/welcome_dag.py                           1           0  0.91s           2024-09-10T17:24:34                      12
================================================================================
[2024-09-10T17:25:13.410+0000] {manager.py:1008} INFO - 
================================================================================
DAG File Processing Stats

File Path                         PID    Runtime      # DAGs    # Errors  Last Runtime    Last Run               Last # of DB Queries
--------------------------------  -----  ---------  --------  ----------  --------------  -------------------  ----------------------
/opt/airflow/dags/welcome_dag.py                           1           0  0.41s           2024-09-10T17:25:05                      12
================================================================================
[2024-09-10T17:25:43.818+0000] {manager.py:1008} INFO - 
================================================================================
DAG File Processing Stats

File Path                         PID    Runtime      # DAGs    # Errors  Last Runtime    Last Run               Last # of DB Queries
--------------------------------  -----  ---------  --------  ----------  --------------  -------------------  ----------------------
/opt/airflow/dags/welcome_dag.py                           1           0  0.81s           2024-09-10T17:25:36                      12
================================================================================
[2024-09-10T17:26:15.038+0000] {manager.py:1008} INFO - 
================================================================================
DAG File Processing Stats

File Path                         PID    Runtime      # DAGs    # Errors  Last Runtime    Last Run               Last # of DB Queries
--------------------------------  -----  ---------  --------  ----------  --------------  -------------------  ----------------------
/opt/airflow/dags/welcome_dag.py                           1           0  0.61s           2024-09-10T17:26:08                      12
================================================================================
[2024-09-10T17:26:46.030+0000] {manager.py:1008} INFO - 
================================================================================
DAG File Processing Stats

File Path                         PID    Runtime      # DAGs    # Errors  Last Runtime    Last Run               Last # of DB Queries
--------------------------------  -----  ---------  --------  ----------  --------------  -------------------  ----------------------
/opt/airflow/dags/welcome_dag.py                           1           0  0.91s           2024-09-10T17:26:39                      12
================================================================================
[2024-09-10T17:27:16.098+0000] {manager.py:1008} INFO - 
================================================================================
DAG File Processing Stats

File Path                         PID    Runtime      # DAGs    # Errors  Last Runtime    Last Run               Last # of DB Queries
--------------------------------  -----  ---------  --------  ----------  --------------  -------------------  ----------------------
/opt/airflow/dags/welcome_dag.py                           1           0  0.31s           2024-09-10T17:27:10                      12
================================================================================
[2024-09-10T17:27:47.447+0000] {manager.py:1008} INFO - 
================================================================================
DAG File Processing Stats

File Path                         PID    Runtime      # DAGs    # Errors  Last Runtime    Last Run               Last # of DB Queries
--------------------------------  -----  ---------  --------  ----------  --------------  -------------------  ----------------------
/opt/airflow/dags/welcome_dag.py                           1           0  0.30s           2024-09-10T17:27:41                      12
================================================================================
[2024-09-10T17:28:18.291+0000] {manager.py:1008} INFO - 
================================================================================
DAG File Processing Stats

File Path                         PID    Runtime      # DAGs    # Errors  Last Runtime    Last Run               Last # of DB Queries
--------------------------------  -----  ---------  --------  ----------  --------------  -------------------  ----------------------
/opt/airflow/dags/welcome_dag.py                           1           0  0.40s           2024-09-10T17:28:13                      12
================================================================================
[2024-09-10T17:28:30.511+0000] {manager.py:832} INFO - Searching for files in /opt/airflow/dags
[2024-09-10T17:28:30.595+0000] {manager.py:835} INFO - There are 1 files in /opt/airflow/dags
[2024-09-10T17:28:49.105+0000] {manager.py:1008} INFO - 
================================================================================
DAG File Processing Stats

File Path                         PID    Runtime      # DAGs    # Errors  Last Runtime    Last Run               Last # of DB Queries
--------------------------------  -----  ---------  --------  ----------  --------------  -------------------  ----------------------
/opt/airflow/dags/welcome_dag.py                           1           0  0.30s           2024-09-10T17:28:43                      12
================================================================================
[2024-09-10T17:29:19.772+0000] {manager.py:1008} INFO - 
================================================================================
DAG File Processing Stats

File Path                         PID    Runtime      # DAGs    # Errors  Last Runtime    Last Run               Last # of DB Queries
--------------------------------  -----  ---------  --------  ----------  --------------  -------------------  ----------------------
/opt/airflow/dags/welcome_dag.py                           1           0  0.51s           2024-09-10T17:29:14                      12
================================================================================
[2024-09-10T17:29:50.946+0000] {manager.py:1008} INFO - 
================================================================================
DAG File Processing Stats

File Path                         PID    Runtime      # DAGs    # Errors  Last Runtime    Last Run               Last # of DB Queries
--------------------------------  -----  ---------  --------  ----------  --------------  -------------------  ----------------------
/opt/airflow/dags/welcome_dag.py                           1           0  0.71s           2024-09-10T17:29:45                      12
================================================================================
[2024-09-10T17:30:20.976+0000] {manager.py:1008} INFO - 
================================================================================
DAG File Processing Stats

File Path                         PID    Runtime      # DAGs    # Errors  Last Runtime    Last Run               Last # of DB Queries
--------------------------------  -----  ---------  --------  ----------  --------------  -------------------  ----------------------
/opt/airflow/dags/welcome_dag.py                           1           0  0.61s           2024-09-10T17:30:17                      12
================================================================================
[2024-09-10T17:30:51.836+0000] {manager.py:1008} INFO - 
================================================================================
DAG File Processing Stats

File Path                         PID    Runtime      # DAGs    # Errors  Last Runtime    Last Run               Last # of DB Queries
--------------------------------  -----  ---------  --------  ----------  --------------  -------------------  ----------------------
/opt/airflow/dags/welcome_dag.py                           0           1  0.20s           2024-09-10T17:30:40                       5
================================================================================
[2024-09-10T17:31:22.754+0000] {manager.py:1008} INFO - 
================================================================================
DAG File Processing Stats

File Path                         PID    Runtime      # DAGs    # Errors  Last Runtime    Last Run               Last # of DB Queries
--------------------------------  -----  ---------  --------  ----------  --------------  -------------------  ----------------------
/opt/airflow/dags/welcome_dag.py                           0           1  0.30s           2024-09-10T17:31:11                       5
================================================================================
[2024-09-10T17:31:53.684+0000] {manager.py:1008} INFO - 
================================================================================
DAG File Processing Stats

File Path                         PID    Runtime      # DAGs    # Errors  Last Runtime    Last Run               Last # of DB Queries
--------------------------------  -----  ---------  --------  ----------  --------------  -------------------  ----------------------
/opt/airflow/dags/welcome_dag.py                           0           0  0.10s           2024-09-10T17:31:43                       3
================================================================================
[2024-09-10T17:32:24.959+0000] {manager.py:1008} INFO - 
================================================================================
DAG File Processing Stats

File Path                         PID    Runtime      # DAGs    # Errors  Last Runtime    Last Run               Last # of DB Queries
--------------------------------  -----  ---------  --------  ----------  --------------  -------------------  ----------------------
/opt/airflow/dags/welcome_dag.py                           0           0  0.30s           2024-09-10T17:32:14                       3
================================================================================
[2024-09-10T17:32:55.514+0000] {manager.py:1008} INFO - 
================================================================================
DAG File Processing Stats

File Path                         PID    Runtime      # DAGs    # Errors  Last Runtime    Last Run               Last # of DB Queries
--------------------------------  -----  ---------  --------  ----------  --------------  -------------------  ----------------------
/opt/airflow/dags/welcome_dag.py                           0           0  0.21s           2024-09-10T17:32:45                       3
================================================================================
[2024-09-10T17:33:26.442+0000] {manager.py:1008} INFO - 
================================================================================
DAG File Processing Stats

File Path                         PID    Runtime      # DAGs    # Errors  Last Runtime    Last Run               Last # of DB Queries
--------------------------------  -----  ---------  --------  ----------  --------------  -------------------  ----------------------
/opt/airflow/dags/welcome_dag.py                           0           0  0.10s           2024-09-10T17:33:16                       3
================================================================================
[2024-09-10T18:51:04.939+0000] {manager.py:486} INFO - Processing files using up to 1 processes at a time 
[2024-09-10T18:51:04.940+0000] {manager.py:487} INFO - Process each file at most once every 30 seconds
[2024-09-10T18:51:04.941+0000] {manager.py:488} INFO - Checking for new files in /opt/airflow/dags every 300 seconds
[2024-09-10T18:51:04.941+0000] {manager.py:832} INFO - Searching for files in /opt/airflow/dags
[2024-09-10T18:51:04.970+0000] {manager.py:835} INFO - There are 0 files in /opt/airflow/dags
[2024-09-10T18:56:06.047+0000] {manager.py:832} INFO - Searching for files in /opt/airflow/dags
[2024-09-10T18:56:06.076+0000] {manager.py:835} INFO - There are 0 files in /opt/airflow/dags
[2024-09-10T19:01:06.342+0000] {manager.py:832} INFO - Searching for files in /opt/airflow/dags
[2024-09-10T19:01:06.432+0000] {manager.py:835} INFO - There are 0 files in /opt/airflow/dags
[2024-09-10T19:06:06.498+0000] {manager.py:832} INFO - Searching for files in /opt/airflow/dags
[2024-09-10T19:06:06.591+0000] {manager.py:835} INFO - There are 0 files in /opt/airflow/dags
[2024-09-10T19:11:06.843+0000] {manager.py:832} INFO - Searching for files in /opt/airflow/dags
[2024-09-10T19:11:06.872+0000] {manager.py:835} INFO - There are 0 files in /opt/airflow/dags
[2024-09-10T19:16:08.030+0000] {manager.py:832} INFO - Searching for files in /opt/airflow/dags
[2024-09-10T19:16:08.097+0000] {manager.py:835} INFO - There are 0 files in /opt/airflow/dags
